<?xml version="1.0" encoding="UTF-8"?>
<testsuite name="com.theScore.test.stepdefinitions.RunCukesTest" tests="0" skipped="0" failures="0" errors="0" timestamp="1970-01-01T00:00:00" hostname="LAPTOP-6GFP295O" time="0.0">
  <properties/>
  <system-out><![CDATA[Feature: Verify selection of league,team and verify details screen

  Scenario Outline: User chooses a league and verify league details ?[90m# LeagueTest.feature:6?[0m
    ?[36mThen ?[0m?[36mVerify that league "<league>" is displayed?[0m
    ?[36mAnd ?[0m?[36mUser clicks on "<league>" league?[0m
    ?[36mAnd ?[0m?[36mUser clicks on continue?[0m
    ?[36mAnd ?[0m?[36mVerify that team "<team>" is displayed?[0m
    ?[36mThen ?[0m?[36mUser clicks on "<team>" team?[0m
    ?[36mAnd ?[0m?[36mUser clicks on continue on choose team?[0m
    ?[36mThen ?[0m?[36mUser should be on favourites tab on home screen?[0m
    ?[36mAnd ?[0m?[36mUser should see label "<label>" is present?[0m
    ?[36mAnd ?[0m?[36mUser clicks on "<label>" label?[0m
    ?[36mAnd ?[0m?[36mUser should see title "<league>" as expected?[0m
    ?[36mThen ?[0m?[36mUser clicks on standings tab?[0m
    ?[36mAnd ?[0m?[36mUser should see that standings tab is selected?[0m
    ?[36mAnd ?[0m?[36mUser should see that team "<team>" standings is displayed?[0m
    ?[36mThen ?[0m?[36mUser clicks back button from standings?[0m
    ?[36mAnd ?[0m?[36mUser should see label "<label>" is present?[0m
    ?[36mAnd ?[0m?[36mUser should see search bar?[0m

    Examples: 

  Background: User clicks on Get started   ?[90m# LeagueTest.feature:3?[0m
    ?[32mWhen ?[0m?[32mUser clicks on get started button?[0m ?[90m# LandingScreenStepDefs.user_clicks_on_get_started_button()?[0m

  Scenario Outline: User chooses a league and verify league details           ?[90m# LeagueTest.feature:25?[0m
    ?[32mThen ?[0m?[32mVerify that league "?[0m?[32m?[1mNHL Hockey?[0m?[32m" is displayed?[0m                         ?[90m# ChooseLeagueScreenStepDefs.verify_league_is_displayed(String)?[0m
    ?[32mAnd ?[0m?[32mUser clicks on "?[0m?[32m?[1mNHL Hockey?[0m?[32m" league?[0m                                    ?[90m# ChooseLeagueScreenStepDefs.user_clicks_on_league(String)?[0m
    ?[32mAnd ?[0m?[32mUser clicks on continue?[0m                                               ?[90m# ChooseLeagueScreenStepDefs.user_clicks_on_continue()?[0m
    ?[32mAnd ?[0m?[32mVerify that team "?[0m?[32m?[1mMontreal Canadiens?[0m?[32m" is displayed?[0m                    ?[90m# ChooseTeamScreenStepDefs.verify_team_is_displayed(String)?[0m
    ?[32mThen ?[0m?[32mUser clicks on "?[0m?[32m?[1mMontreal Canadiens?[0m?[32m" team?[0m                             ?[90m# ChooseTeamScreenStepDefs.user_clicks_on_team(String)?[0m
    ?[32mAnd ?[0m?[32mUser clicks on continue on choose team?[0m                                ?[90m# ChooseTeamScreenStepDefs.user_clicks_on_continue_on_choose_team()?[0m
    ?[32mThen ?[0m?[32mUser should be on favourites tab on home screen?[0m                      ?[90m# HomeScreenStepDefs.user_should_be_on_favourites_tab_n_home_screen()?[0m
    ?[32mAnd ?[0m?[32mUser should see label "?[0m?[32m?[1mNHL?[0m?[32m" is present?[0m                                ?[90m# HomeScreenStepDefs.user_should_see_label_is_present(String)?[0m
    ?[32mAnd ?[0m?[32mUser clicks on "?[0m?[32m?[1mNHL?[0m?[32m" label?[0m                                            ?[90m# HomeScreenStepDefs.user_clicks_on_label(String)?[0m
    ?[32mAnd ?[0m?[32mUser should see title "?[0m?[32m?[1mNHL Hockey?[0m?[32m" as expected?[0m                        ?[90m# LeagueDetailsScreenStepDefs.user_should_see_title_as_expected(String)?[0m
    ?[32mThen ?[0m?[32mUser clicks on standings tab?[0m                                         ?[90m# LeagueDetailsScreenStepDefs.user_clicks_on_standings_tab()?[0m
    ?[32mAnd ?[0m?[32mUser should see that standings tab is selected?[0m                        ?[90m# LeagueDetailsScreenStepDefs$StandingsScreenStepDefs.user_should_see_that_standings_tab_is_selected()?[0m
    ?[32mAnd ?[0m?[32mUser should see that team "?[0m?[32m?[1mMontreal Canadiens?[0m?[32m" standings is displayed?[0m ?[90m# LeagueDetailsScreenStepDefs$StandingsScreenStepDefs.user_should_see_that_team_standings_is_displayed(String)?[0m
    ?[32mThen ?[0m?[32mUser clicks back button from standings?[0m                               ?[90m# LeagueDetailsScreenStepDefs$StandingsScreenStepDefs.user_clicks_back_button_from_standings()?[0m
    ?[32mAnd ?[0m?[32mUser should see label "?[0m?[32m?[1mNHL?[0m?[32m" is present?[0m                                ?[90m# HomeScreenStepDefs.user_should_see_label_is_present(String)?[0m
    ?[32mAnd ?[0m?[32mUser should see search bar?[0m                                            ?[90m# HomeScreenStepDefs.user_should_see_search_bar()?[0m

1 Scenarios (?[32m1 passed?[0m)
17 Steps (?[32m17 passed?[0m)
0m51.104s

]]></system-out>
  <system-err><![CDATA[]]></system-err>
</testsuite>
